<?xml version="1.0" encoding="UTF-8"?>
<!-- Generated by org.testng.reporters.JUnitReportReporter -->
<testsuite hostname="Khosruz" failures="0" tests="1" name="com.PageTest.StudentEntryTest" time="14.959" errors="0" timestamp="2024-05-27T13:14:58 EDT" skipped="0">
  <testcase classname="com.PageTest.StudentEntryTest" name="pageTitleTest" time="14.959"/>
</testsuite> <!-- com.PageTest.StudentEntryTest -->
