<?xml version="1.0" encoding="UTF-8"?>
<!-- Generated by org.testng.reporters.JUnitReportReporter -->
<testsuite hostname="Khosruz" failures="0" tests="1" name="com.PageTest.StudentEntryTest" time="19.806" errors="0" timestamp="2024-05-27T14:48:12 EDT" skipped="0">
  <testcase classname="com.PageTest.StudentEntryTest" name="addNewStudentData" time="19.806"/>
</testsuite> <!-- com.PageTest.StudentEntryTest -->
