<?xml version="1.0" encoding="UTF-8"?>
<!-- Generated by org.testng.reporters.JUnitReportReporter -->
<testsuite hostname="Khosruzs-MacBook-Pro.local" failures="0" tests="4" name="com.PageTest.StudentEntryTest" time="37.236" errors="0" timestamp="2024-05-26T11:50:01 EDT" skipped="0">
  <testcase classname="com.PageTest.StudentEntryTest" name="pageTitleTest" time="10.925"/>
  <testcase classname="com.PageTest.StudentEntryTest" name="moveToStudentsOptions" time="6.430"/>
  <testcase classname="com.PageTest.StudentEntryTest" name="studentPage" time="7.153"/>
  <testcase classname="com.PageTest.StudentEntryTest" name="addNewStudentData" time="12.728"/>
</testsuite> <!-- com.PageTest.StudentEntryTest -->
